# JRE version: Java(TM) SE Runtime Environment (17.0.1+12) (build 17.0.1+12-LTS-39)
# Java VM: Java HotSpot(TM) 64-Bit Server VM (17.0.1+12-LTS-39, mixed mode, sharing, tiered, compressed oops, compressed class ptrs, g1 gc, windows-amd64)
GC Precious Log:
 CPUs: 12 total, 12 available
 Memory: 15706M
 Large Page Support: Disabled
 NUMA Support: Disabled
 Compressed Oops: Enabled (Zero based)
 Heap Region Size: 2M
 Heap Min Capacity: 8M
 Heap Initial Capacity: 246M
 Heap Max Capacity: 3928M
 Pre-touch: Disabled
 Parallel Workers: 10
 Concurrent Workers: 3
 Concurrent Refinement Workers: 10
 Periodic GC: Disabled
Heap:
 garbage-first heap   total 61440K, used 39216K [0x000000070a800000, 0x0000000800000000)
  region size 2048K, 4 young (8192K), 1 survivors (2048K)
 Metaspace       used 43100K, committed 43392K, reserved 1089536K
  class space    used 5688K, committed 5824K, reserved 1048576K
GC Heap History (16 events):
Event: 0.927 GC heap before
{Heap before GC invocations=0 (full 0):
 garbage-first heap   total 251904K, used 20480K [0x000000070a800000, 0x0000000800000000)
  region size 2048K, 11 young (22528K), 0 survivors (0K)
 Metaspace       used 5864K, committed 6080K, reserved 1056768K
  class space    used 654K, committed 768K, reserved 1048576K
}
Event: 0.931 GC heap after
{Heap after GC invocations=1 (full 0):
 garbage-first heap   total 251904K, used 5395K [0x000000070a800000, 0x0000000800000000)
  region size 2048K, 2 young (4096K), 2 survivors (4096K)
 Metaspace       used 5864K, committed 6080K, reserved 1056768K
  class space    used 654K, committed 768K, reserved 1048576K
}
Event: 0.941 GC heap before
{Heap before GC invocations=1 (full 0):
 garbage-first heap   total 251904K, used 32019K [0x000000070a800000, 0x0000000800000000)
  region size 2048K, 16 young (32768K), 2 survivors (4096K)
 Metaspace       used 5865K, committed 6080K, reserved 1056768K
  class space    used 654K, committed 768K, reserved 1048576K
}
Event: 0.944 GC heap after
{Heap after GC invocations=2 (full 0):
 garbage-first heap   total 251904K, used 5995K [0x000000070a800000, 0x0000000800000000)
  region size 2048K, 1 young (2048K), 1 survivors (2048K)
 Metaspace       used 5865K, committed 6080K, reserved 1056768K
  class space    used 654K, committed 768K, reserved 1048576K
}
Event: 2.091 GC heap before
{Heap before GC invocations=2 (full 0):
 garbage-first heap   total 251904K, used 61291K [0x000000070a800000, 0x0000000800000000)
  region size 2048K, 29 young (59392K), 1 survivors (2048K)
 Metaspace       used 21232K, committed 21504K, reserved 1073152K
  class space    used 2736K, committed 2880K, reserved 1048576K
}
Event: 2.096 GC heap after
{Heap after GC invocations=3 (full 0):
 garbage-first heap   total 251904K, used 10639K [0x000000070a800000, 0x0000000800000000)
  region size 2048K, 3 young (6144K), 3 survivors (6144K)
 Metaspace       used 21232K, committed 21504K, reserved 1073152K
  class space    used 2736K, committed 2880K, reserved 1048576K
}
Event: 2.517 GC heap before
{Heap before GC invocations=4 (full 0):
 garbage-first heap   total 49152K, used 33167K [0x000000070a800000, 0x0000000800000000)
  region size 2048K, 14 young (28672K), 3 survivors (6144K)
 Metaspace       used 26040K, committed 26304K, reserved 1073152K
  class space    used 3488K, committed 3584K, reserved 1048576K
}
Event: 2.522 GC heap after
{Heap after GC invocations=5 (full 0):
 garbage-first heap   total 49152K, used 11603K [0x000000070a800000, 0x0000000800000000)
  region size 2048K, 1 young (2048K), 1 survivors (2048K)
 Metaspace       used 26040K, committed 26304K, reserved 1073152K
  class space    used 3488K, committed 3584K, reserved 1048576K
}
Event: 2.880 GC heap before
{Heap before GC invocations=5 (full 0):
 garbage-first heap   total 49152K, used 30035K [0x000000070a800000, 0x0000000800000000)
  region size 2048K, 10 young (20480K), 1 survivors (2048K)
 Metaspace       used 31376K, committed 31680K, reserved 1081344K
  class space    used 4163K, committed 4288K, reserved 1048576K
}
Event: 2.884 GC heap after
{Heap after GC invocations=6 (full 0):
 garbage-first heap   total 49152K, used 13268K [0x000000070a800000, 0x0000000800000000)
  region size 2048K, 2 young (4096K), 2 survivors (4096K)
 Metaspace       used 31376K, committed 31680K, reserved 1081344K
  class space    used 4163K, committed 4288K, reserved 1048576K
}
Event: 3.201 GC heap before
{Heap before GC invocations=6 (full 0):
 garbage-first heap   total 49152K, used 25556K [0x000000070a800000, 0x0000000800000000)
  region size 2048K, 9 young (18432K), 2 survivors (4096K)
 Metaspace       used 35771K, committed 35968K, reserved 1081344K
  class space    used 4719K, committed 4800K, reserved 1048576K
}
Event: 3.207 GC heap after
{Heap after GC invocations=7 (full 0):
 garbage-first heap   total 151552K, used 15025K [0x000000070a800000, 0x0000000800000000)
  region size 2048K, 2 young (4096K), 2 survivors (4096K)
 Metaspace       used 35771K, committed 35968K, reserved 1081344K
  class space    used 4719K, committed 4800K, reserved 1048576K
}
Event: 3.488 GC heap before
{Heap before GC invocations=8 (full 0):
 garbage-first heap   total 61440K, used 27313K [0x000000070a800000, 0x0000000800000000)
  region size 2048K, 9 young (18432K), 2 survivors (4096K)
 Metaspace       used 38564K, committed 38848K, reserved 1089536K
  class space    used 5150K, committed 5312K, reserved 1048576K
}
Event: 3.495 GC heap after
{Heap after GC invocations=9 (full 0):
 garbage-first heap   total 61440K, used 15775K [0x000000070a800000, 0x0000000800000000)
  region size 2048K, 3 young (6144K), 3 survivors (6144K)
 Metaspace       used 38564K, committed 38848K, reserved 1089536K
  class space    used 5150K, committed 5312K, reserved 1048576K
}
Event: 5.826 GC heap before
{Heap before GC invocations=9 (full 0):
 garbage-first heap   total 61440K, used 46495K [0x000000070a800000, 0x0000000800000000)
  region size 2048K, 11 young (22528K), 3 survivors (6144K)
 Metaspace       used 41605K, committed 41856K, reserved 1089536K
  class space    used 5523K, committed 5632K, reserved 1048576K
}
Event: 5.833 GC heap after
{Heap after GC invocations=10 (full 0):
 garbage-first heap   total 61440K, used 35120K [0x000000070a800000, 0x0000000800000000)
  region size 2048K, 1 young (2048K), 1 survivors (2048K)
 Metaspace       used 41605K, committed 41856K, reserved 1089536K
  class space    used 5523K, committed 5632K, reserved 1048576K
}

