# JRE version: Java(TM) SE Runtime Environment (17.0.1+12) (build 17.0.1+12-LTS-39)
# Java VM: Java HotSpot(TM) 64-Bit Server VM (17.0.1+12-LTS-39, mixed mode, sharing, tiered, compressed oops, compressed class ptrs, g1 gc, windows-amd64)
GC Precious Log:
 CPUs: 12 total, 12 available
 Memory: 15706M
 Large Page Support: Disabled
 NUMA Support: Disabled
 Compressed Oops: Enabled (Zero based)
 Heap Region Size: 2M
 Heap Min Capacity: 8M
 Heap Initial Capacity: 246M
 Heap Max Capacity: 3928M
 Pre-touch: Disabled
 Parallel Workers: 10
 Concurrent Workers: 3
 Concurrent Refinement Workers: 10
 Periodic GC: Disabled
Heap:
 garbage-first heap   total 61440K, used 35202K [0x000000070a800000, 0x0000000800000000)
  region size 2048K, 3 young (6144K), 2 survivors (4096K)
 Metaspace       used 42990K, committed 43328K, reserved 1089536K
  class space    used 5699K, committed 5824K, reserved 1048576K
GC Heap History (16 events):
Event: 0.714 GC heap before
{Heap before GC invocations=0 (full 0):
 garbage-first heap   total 251904K, used 20480K [0x000000070a800000, 0x0000000800000000)
  region size 2048K, 11 young (22528K), 0 survivors (0K)
 Metaspace       used 5888K, committed 6080K, reserved 1056768K
  class space    used 655K, committed 768K, reserved 1048576K
}
Event: 0.718 GC heap after
{Heap after GC invocations=1 (full 0):
 garbage-first heap   total 251904K, used 5415K [0x000000070a800000, 0x0000000800000000)
  region size 2048K, 2 young (4096K), 2 survivors (4096K)
 Metaspace       used 5888K, committed 6080K, reserved 1056768K
  class space    used 655K, committed 768K, reserved 1048576K
}
Event: 0.729 GC heap before
{Heap before GC invocations=1 (full 0):
 garbage-first heap   total 251904K, used 32039K [0x000000070a800000, 0x0000000800000000)
  region size 2048K, 16 young (32768K), 2 survivors (4096K)
 Metaspace       used 5890K, committed 6080K, reserved 1056768K
  class space    used 655K, committed 768K, reserved 1048576K
}
Event: 0.732 GC heap after
{Heap after GC invocations=2 (full 0):
 garbage-first heap   total 251904K, used 5712K [0x000000070a800000, 0x0000000800000000)
  region size 2048K, 1 young (2048K), 1 survivors (2048K)
 Metaspace       used 5890K, committed 6080K, reserved 1056768K
  class space    used 655K, committed 768K, reserved 1048576K
}
Event: 1.852 GC heap before
{Heap before GC invocations=2 (full 0):
 garbage-first heap   total 251904K, used 61008K [0x000000070a800000, 0x0000000800000000)
  region size 2048K, 29 young (59392K), 1 survivors (2048K)
 Metaspace       used 21295K, committed 21504K, reserved 1073152K
  class space    used 2759K, committed 2880K, reserved 1048576K
}
Event: 1.857 GC heap after
{Heap after GC invocations=3 (full 0):
 garbage-first heap   total 251904K, used 10494K [0x000000070a800000, 0x0000000800000000)
  region size 2048K, 3 young (6144K), 3 survivors (6144K)
 Metaspace       used 21295K, committed 21504K, reserved 1073152K
  class space    used 2759K, committed 2880K, reserved 1048576K
}
Event: 2.293 GC heap before
{Heap before GC invocations=4 (full 0):
 garbage-first heap   total 49152K, used 33022K [0x000000070a800000, 0x0000000800000000)
  region size 2048K, 14 young (28672K), 3 survivors (6144K)
 Metaspace       used 26505K, committed 26816K, reserved 1073152K
  class space    used 3535K, committed 3648K, reserved 1048576K
}
Event: 2.298 GC heap after
{Heap after GC invocations=5 (full 0):
 garbage-first heap   total 49152K, used 11413K [0x000000070a800000, 0x0000000800000000)
  region size 2048K, 1 young (2048K), 1 survivors (2048K)
 Metaspace       used 26505K, committed 26816K, reserved 1073152K
  class space    used 3535K, committed 3648K, reserved 1048576K
}
Event: 2.327 GC heap before
{Heap before GC invocations=5 (full 0):
 garbage-first heap   total 49152K, used 13461K [0x000000070a800000, 0x0000000800000000)
  region size 2048K, 2 young (4096K), 1 survivors (2048K)
 Metaspace       used 26947K, committed 27200K, reserved 1073152K
  class space    used 3612K, committed 3712K, reserved 1048576K
}
Event: 2.330 GC heap after
{Heap after GC invocations=6 (full 0):
 garbage-first heap   total 49152K, used 11369K [0x000000070a800000, 0x0000000800000000)
  region size 2048K, 1 young (2048K), 1 survivors (2048K)
 Metaspace       used 26947K, committed 27200K, reserved 1073152K
  class space    used 3612K, committed 3712K, reserved 1048576K
}
Event: 2.663 GC heap before
{Heap before GC invocations=6 (full 0):
 garbage-first heap   total 49152K, used 29801K [0x000000070a800000, 0x0000000800000000)
  region size 2048K, 11 young (22528K), 1 survivors (2048K)
 Metaspace       used 33542K, committed 33792K, reserved 1081344K
  class space    used 4420K, committed 4544K, reserved 1048576K
}
Event: 2.668 GC heap after
{Heap after GC invocations=7 (full 0):
 garbage-first heap   total 151552K, used 13494K [0x000000070a800000, 0x0000000800000000)
  region size 2048K, 2 young (4096K), 2 survivors (4096K)
 Metaspace       used 33542K, committed 33792K, reserved 1081344K
  class space    used 4420K, committed 4544K, reserved 1048576K
}
Event: 2.793 GC heap before
{Heap before GC invocations=7 (full 0):
 garbage-first heap   total 151552K, used 21686K [0x000000070a800000, 0x0000000800000000)
  region size 2048K, 7 young (14336K), 2 survivors (4096K)
 Metaspace       used 35737K, committed 35968K, reserved 1081344K
  class space    used 4717K, committed 4864K, reserved 1048576K
}
Event: 2.796 GC heap after
{Heap after GC invocations=8 (full 0):
 garbage-first heap   total 151552K, used 14507K [0x000000070a800000, 0x0000000800000000)
  region size 2048K, 3 young (6144K), 3 survivors (6144K)
 Metaspace       used 35737K, committed 35968K, reserved 1081344K
  class space    used 4717K, committed 4864K, reserved 1048576K
}
Event: 3.164 GC heap before
{Heap before GC invocations=9 (full 0):
 garbage-first heap   total 61440K, used 32939K [0x000000070a800000, 0x0000000800000000)
  region size 2048K, 13 young (26624K), 3 survivors (6144K)
 Metaspace       used 39269K, committed 39616K, reserved 1089536K
  class space    used 5252K, committed 5440K, reserved 1048576K
}
Event: 3.170 GC heap after
{Heap after GC invocations=10 (full 0):
 garbage-first heap   total 61440K, used 15443K [0x000000070a800000, 0x0000000800000000)
  region size 2048K, 3 young (6144K), 3 survivors (6144K)
 Metaspace       used 39269K, committed 39616K, reserved 1089536K
  class space    used 5252K, committed 5440K, reserved 1048576K
}

