# JRE version: Java(TM) SE Runtime Environment (17.0.1+12) (build 17.0.1+12-LTS-39)
# Java VM: Java HotSpot(TM) 64-Bit Server VM (17.0.1+12-LTS-39, mixed mode, sharing, tiered, compressed oops, compressed class ptrs, g1 gc, windows-amd64)
GC Precious Log:
 CPUs: 12 total, 12 available
 Memory: 15706M
 Large Page Support: Disabled
 NUMA Support: Disabled
 Compressed Oops: Enabled (Zero based)
 Heap Region Size: 2M
 Heap Min Capacity: 8M
 Heap Initial Capacity: 246M
 Heap Max Capacity: 3928M
 Pre-touch: Disabled
 Parallel Workers: 10
 Concurrent Workers: 3
 Concurrent Refinement Workers: 10
 Periodic GC: Disabled
Heap:
 garbage-first heap   total 61440K, used 37851K [0x000000070a800000, 0x0000000800000000)
  region size 2048K, 4 young (8192K), 2 survivors (4096K)
 Metaspace       used 41875K, committed 42176K, reserved 1089536K
  class space    used 5570K, committed 5760K, reserved 1048576K
GC Heap History (16 events):
Event: 0.782 GC heap before
{Heap before GC invocations=0 (full 0):
 garbage-first heap   total 251904K, used 20480K [0x000000070a800000, 0x0000000800000000)
  region size 2048K, 11 young (22528K), 0 survivors (0K)
 Metaspace       used 5907K, committed 6080K, reserved 1056768K
  class space    used 659K, committed 768K, reserved 1048576K
}
Event: 0.787 GC heap after
{Heap after GC invocations=1 (full 0):
 garbage-first heap   total 251904K, used 5544K [0x000000070a800000, 0x0000000800000000)
  region size 2048K, 2 young (4096K), 2 survivors (4096K)
 Metaspace       used 5907K, committed 6080K, reserved 1056768K
  class space    used 659K, committed 768K, reserved 1048576K
}
Event: 0.798 GC heap before
{Heap before GC invocations=1 (full 0):
 garbage-first heap   total 251904K, used 32168K [0x000000070a800000, 0x0000000800000000)
  region size 2048K, 16 young (32768K), 2 survivors (4096K)
 Metaspace       used 5909K, committed 6080K, reserved 1056768K
  class space    used 659K, committed 768K, reserved 1048576K
}
Event: 0.800 GC heap after
{Heap after GC invocations=2 (full 0):
 garbage-first heap   total 251904K, used 5839K [0x000000070a800000, 0x0000000800000000)
  region size 2048K, 1 young (2048K), 1 survivors (2048K)
 Metaspace       used 5909K, committed 6080K, reserved 1056768K
  class space    used 659K, committed 768K, reserved 1048576K
}
Event: 1.936 GC heap before
{Heap before GC invocations=2 (full 0):
 garbage-first heap   total 251904K, used 61135K [0x000000070a800000, 0x0000000800000000)
  region size 2048K, 29 young (59392K), 1 survivors (2048K)
 Metaspace       used 21262K, committed 21504K, reserved 1073152K
  class space    used 2737K, committed 2880K, reserved 1048576K
}
Event: 1.941 GC heap after
{Heap after GC invocations=3 (full 0):
 garbage-first heap   total 251904K, used 10553K [0x000000070a800000, 0x0000000800000000)
  region size 2048K, 3 young (6144K), 3 survivors (6144K)
 Metaspace       used 21262K, committed 21504K, reserved 1073152K
  class space    used 2737K, committed 2880K, reserved 1048576K
}
Event: 2.354 GC heap before
{Heap before GC invocations=4 (full 0):
 garbage-first heap   total 49152K, used 33081K [0x000000070a800000, 0x0000000800000000)
  region size 2048K, 14 young (28672K), 3 survivors (6144K)
 Metaspace       used 26061K, committed 26304K, reserved 1073152K
  class space    used 3491K, committed 3584K, reserved 1048576K
}
Event: 2.358 GC heap after
{Heap after GC invocations=5 (full 0):
 garbage-first heap   total 49152K, used 11485K [0x000000070a800000, 0x0000000800000000)
  region size 2048K, 1 young (2048K), 1 survivors (2048K)
 Metaspace       used 26061K, committed 26304K, reserved 1073152K
  class space    used 3491K, committed 3584K, reserved 1048576K
}
Event: 2.710 GC heap before
{Heap before GC invocations=5 (full 0):
 garbage-first heap   total 49152K, used 29917K [0x000000070a800000, 0x0000000800000000)
  region size 2048K, 10 young (20480K), 1 survivors (2048K)
 Metaspace       used 31376K, committed 31680K, reserved 1081344K
  class space    used 4168K, committed 4288K, reserved 1048576K
}
Event: 2.715 GC heap after
{Heap after GC invocations=6 (full 0):
 garbage-first heap   total 49152K, used 13243K [0x000000070a800000, 0x0000000800000000)
  region size 2048K, 2 young (4096K), 2 survivors (4096K)
 Metaspace       used 31376K, committed 31680K, reserved 1081344K
  class space    used 4168K, committed 4288K, reserved 1048576K
}
Event: 3.007 GC heap before
{Heap before GC invocations=6 (full 0):
 garbage-first heap   total 49152K, used 25531K [0x000000070a800000, 0x0000000800000000)
  region size 2048K, 9 young (18432K), 2 survivors (4096K)
 Metaspace       used 35744K, committed 35968K, reserved 1081344K
  class space    used 4719K, committed 4800K, reserved 1048576K
}
Event: 3.012 GC heap after
{Heap after GC invocations=7 (full 0):
 garbage-first heap   total 151552K, used 14839K [0x000000070a800000, 0x0000000800000000)
  region size 2048K, 2 young (4096K), 2 survivors (4096K)
 Metaspace       used 35744K, committed 35968K, reserved 1081344K
  class space    used 4719K, committed 4800K, reserved 1048576K
}
Event: 3.261 GC heap before
{Heap before GC invocations=8 (full 0):
 garbage-first heap   total 61440K, used 27127K [0x000000070a800000, 0x0000000800000000)
  region size 2048K, 9 young (18432K), 2 survivors (4096K)
 Metaspace       used 38558K, committed 38848K, reserved 1089536K
  class space    used 5151K, committed 5312K, reserved 1048576K
}
Event: 3.266 GC heap after
{Heap after GC invocations=9 (full 0):
 garbage-first heap   total 61440K, used 15570K [0x000000070a800000, 0x0000000800000000)
  region size 2048K, 3 young (6144K), 3 survivors (6144K)
 Metaspace       used 38558K, committed 38848K, reserved 1089536K
  class space    used 5151K, committed 5312K, reserved 1048576K
}
Event: 4.292 GC heap before
{Heap before GC invocations=9 (full 0):
 garbage-first heap   total 61440K, used 48338K [0x000000070a800000, 0x0000000800000000)
  region size 2048K, 11 young (22528K), 3 survivors (6144K)
 Metaspace       used 41095K, committed 41344K, reserved 1089536K
  class space    used 5488K, committed 5632K, reserved 1048576K
}
Event: 4.301 GC heap after
{Heap after GC invocations=10 (full 0):
 garbage-first heap   total 61440K, used 35803K [0x000000070a800000, 0x0000000800000000)
  region size 2048K, 2 young (4096K), 2 survivors (4096K)
 Metaspace       used 41095K, committed 41344K, reserved 1089536K
  class space    used 5488K, committed 5632K, reserved 1048576K
}

