# JRE version: Java(TM) SE Runtime Environment (17.0.1+12) (build 17.0.1+12-LTS-39)
# Java VM: Java HotSpot(TM) 64-Bit Server VM (17.0.1+12-LTS-39, mixed mode, sharing, tiered, compressed oops, compressed class ptrs, g1 gc, windows-amd64)
GC Precious Log:
 CPUs: 12 total, 12 available
 Memory: 15706M
 Large Page Support: Disabled
 NUMA Support: Disabled
 Compressed Oops: Enabled (Zero based)
 Heap Region Size: 2M
 Heap Min Capacity: 8M
 Heap Initial Capacity: 246M
 Heap Max Capacity: 3928M
 Pre-touch: Disabled
 Parallel Workers: 10
 Concurrent Workers: 3
 Concurrent Refinement Workers: 10
 Periodic GC: Disabled
Heap:
 garbage-first heap   total 69632K, used 43419K [0x000000070a800000, 0x0000000800000000)
  region size 2048K, 7 young (14336K), 2 survivors (4096K)
 Metaspace       used 42277K, committed 42496K, reserved 1089536K
  class space    used 5599K, committed 5696K, reserved 1048576K
GC Heap History (16 events):
Event: 0.760 GC heap before
{Heap before GC invocations=0 (full 0):
 garbage-first heap   total 251904K, used 20480K [0x000000070a800000, 0x0000000800000000)
  region size 2048K, 11 young (22528K), 0 survivors (0K)
 Metaspace       used 5860K, committed 6080K, reserved 1056768K
  class space    used 654K, committed 768K, reserved 1048576K
}
Event: 0.766 GC heap after
{Heap after GC invocations=1 (full 0):
 garbage-first heap   total 251904K, used 5408K [0x000000070a800000, 0x0000000800000000)
  region size 2048K, 2 young (4096K), 2 survivors (4096K)
 Metaspace       used 5860K, committed 6080K, reserved 1056768K
  class space    used 654K, committed 768K, reserved 1048576K
}
Event: 0.780 GC heap before
{Heap before GC invocations=1 (full 0):
 garbage-first heap   total 251904K, used 32032K [0x000000070a800000, 0x0000000800000000)
  region size 2048K, 16 young (32768K), 2 survivors (4096K)
 Metaspace       used 5861K, committed 6080K, reserved 1056768K
  class space    used 654K, committed 768K, reserved 1048576K
}
Event: 0.783 GC heap after
{Heap after GC invocations=2 (full 0):
 garbage-first heap   total 251904K, used 5889K [0x000000070a800000, 0x0000000800000000)
  region size 2048K, 1 young (2048K), 1 survivors (2048K)
 Metaspace       used 5861K, committed 6080K, reserved 1056768K
  class space    used 654K, committed 768K, reserved 1048576K
}
Event: 1.967 GC heap before
{Heap before GC invocations=2 (full 0):
 garbage-first heap   total 251904K, used 63233K [0x000000070a800000, 0x0000000800000000)
  region size 2048K, 30 young (61440K), 1 survivors (2048K)
 Metaspace       used 21278K, committed 21504K, reserved 1073152K
  class space    used 2742K, committed 2880K, reserved 1048576K
}
Event: 1.972 GC heap after
{Heap after GC invocations=3 (full 0):
 garbage-first heap   total 251904K, used 10494K [0x000000070a800000, 0x0000000800000000)
  region size 2048K, 3 young (6144K), 3 survivors (6144K)
 Metaspace       used 21278K, committed 21504K, reserved 1073152K
  class space    used 2742K, committed 2880K, reserved 1048576K
}
Event: 2.343 GC heap before
{Heap before GC invocations=4 (full 0):
 garbage-first heap   total 49152K, used 33022K [0x000000070a800000, 0x0000000800000000)
  region size 2048K, 14 young (28672K), 3 survivors (6144K)
 Metaspace       used 26084K, committed 26304K, reserved 1073152K
  class space    used 3499K, committed 3584K, reserved 1048576K
}
Event: 2.352 GC heap after
{Heap after GC invocations=5 (full 0):
 garbage-first heap   total 49152K, used 11449K [0x000000070a800000, 0x0000000800000000)
  region size 2048K, 1 young (2048K), 1 survivors (2048K)
 Metaspace       used 26084K, committed 26304K, reserved 1073152K
  class space    used 3499K, committed 3584K, reserved 1048576K
}
Event: 2.410 GC heap before
{Heap before GC invocations=5 (full 0):
 garbage-first heap   total 49152K, used 13497K [0x000000070a800000, 0x0000000800000000)
  region size 2048K, 2 young (4096K), 1 survivors (2048K)
 Metaspace       used 26454K, committed 26688K, reserved 1073152K
  class space    used 3552K, committed 3648K, reserved 1048576K
}
Event: 2.415 GC heap after
{Heap after GC invocations=6 (full 0):
 garbage-first heap   total 49152K, used 11704K [0x000000070a800000, 0x0000000800000000)
  region size 2048K, 1 young (2048K), 1 survivors (2048K)
 Metaspace       used 26454K, committed 26688K, reserved 1073152K
  class space    used 3552K, committed 3648K, reserved 1048576K
}
Event: 2.727 GC heap before
{Heap before GC invocations=6 (full 0):
 garbage-first heap   total 49152K, used 28088K [0x000000070a800000, 0x0000000800000000)
  region size 2048K, 10 young (20480K), 1 survivors (2048K)
 Metaspace       used 32746K, committed 32960K, reserved 1081344K
  class space    used 4310K, committed 4416K, reserved 1048576K
}
Event: 2.732 GC heap after
{Heap after GC invocations=7 (full 0):
 garbage-first heap   total 151552K, used 13764K [0x000000070a800000, 0x0000000800000000)
  region size 2048K, 2 young (4096K), 2 survivors (4096K)
 Metaspace       used 32746K, committed 32960K, reserved 1081344K
  class space    used 4310K, committed 4416K, reserved 1048576K
}
Event: 2.973 GC heap before
{Heap before GC invocations=7 (full 0):
 garbage-first heap   total 151552K, used 26052K [0x000000070a800000, 0x0000000800000000)
  region size 2048K, 9 young (18432K), 2 survivors (4096K)
 Metaspace       used 35762K, committed 35968K, reserved 1081344K
  class space    used 4718K, committed 4800K, reserved 1048576K
}
Event: 2.981 GC heap after
{Heap after GC invocations=8 (full 0):
 garbage-first heap   total 151552K, used 15246K [0x000000070a800000, 0x0000000800000000)
  region size 2048K, 3 young (6144K), 3 survivors (6144K)
 Metaspace       used 35762K, committed 35968K, reserved 1081344K
  class space    used 4718K, committed 4800K, reserved 1048576K
}
Event: 4.850 GC heap before
{Heap before GC invocations=9 (full 0):
 garbage-first heap   total 69632K, used 54158K [0x000000070a800000, 0x0000000800000000)
  region size 2048K, 14 young (28672K), 3 survivors (6144K)
 Metaspace       used 40338K, committed 40576K, reserved 1089536K
  class space    used 5402K, committed 5504K, reserved 1048576K
}
Event: 4.856 GC heap after
{Heap after GC invocations=10 (full 0):
 garbage-first heap   total 69632K, used 35227K [0x000000070a800000, 0x0000000800000000)
  region size 2048K, 2 young (4096K), 2 survivors (4096K)
 Metaspace       used 40338K, committed 40576K, reserved 1089536K
  class space    used 5402K, committed 5504K, reserved 1048576K
}

