# JRE version: Java(TM) SE Runtime Environment (17.0.1+12) (build 17.0.1+12-LTS-39)
# Java VM: Java HotSpot(TM) 64-Bit Server VM (17.0.1+12-LTS-39, mixed mode, sharing, tiered, compressed oops, compressed class ptrs, g1 gc, windows-amd64)
GC Precious Log:
 CPUs: 12 total, 12 available
 Memory: 15706M
 Large Page Support: Disabled
 NUMA Support: Disabled
 Compressed Oops: Enabled (Zero based)
 Heap Region Size: 2M
 Heap Min Capacity: 8M
 Heap Initial Capacity: 246M
 Heap Max Capacity: 3928M
 Pre-touch: Disabled
 Parallel Workers: 10
 Concurrent Workers: 3
 Concurrent Refinement Workers: 10
 Periodic GC: Disabled
Heap:
 garbage-first heap   total 61440K, used 40383K [0x000000070a800000, 0x0000000800000000)
  region size 2048K, 7 young (14336K), 3 survivors (6144K)
 Metaspace       used 39987K, committed 40320K, reserved 1089536K
  class space    used 5371K, committed 5504K, reserved 1048576K
GC Heap History (14 events):
Event: 0.747 GC heap before
{Heap before GC invocations=0 (full 0):
 garbage-first heap   total 251904K, used 20480K [0x000000070a800000, 0x0000000800000000)
  region size 2048K, 11 young (22528K), 0 survivors (0K)
 Metaspace       used 5852K, committed 6080K, reserved 1056768K
  class space    used 654K, committed 768K, reserved 1048576K
}
Event: 0.752 GC heap after
{Heap after GC invocations=1 (full 0):
 garbage-first heap   total 251904K, used 5456K [0x000000070a800000, 0x0000000800000000)
  region size 2048K, 2 young (4096K), 2 survivors (4096K)
 Metaspace       used 5852K, committed 6080K, reserved 1056768K
  class space    used 654K, committed 768K, reserved 1048576K
}
Event: 0.765 GC heap before
{Heap before GC invocations=1 (full 0):
 garbage-first heap   total 251904K, used 32080K [0x000000070a800000, 0x0000000800000000)
  region size 2048K, 16 young (32768K), 2 survivors (4096K)
 Metaspace       used 5854K, committed 6080K, reserved 1056768K
  class space    used 654K, committed 768K, reserved 1048576K
}
Event: 0.767 GC heap after
{Heap after GC invocations=2 (full 0):
 garbage-first heap   total 251904K, used 6007K [0x000000070a800000, 0x0000000800000000)
  region size 2048K, 1 young (2048K), 1 survivors (2048K)
 Metaspace       used 5854K, committed 6080K, reserved 1056768K
  class space    used 654K, committed 768K, reserved 1048576K
}
Event: 2.099 GC heap before
{Heap before GC invocations=2 (full 0):
 garbage-first heap   total 251904K, used 63351K [0x000000070a800000, 0x0000000800000000)
  region size 2048K, 30 young (61440K), 1 survivors (2048K)
 Metaspace       used 21258K, committed 21504K, reserved 1073152K
  class space    used 2745K, committed 2880K, reserved 1048576K
}
Event: 2.104 GC heap after
{Heap after GC invocations=3 (full 0):
 garbage-first heap   total 251904K, used 10735K [0x000000070a800000, 0x0000000800000000)
  region size 2048K, 3 young (6144K), 3 survivors (6144K)
 Metaspace       used 21258K, committed 21504K, reserved 1073152K
  class space    used 2745K, committed 2880K, reserved 1048576K
}
Event: 2.523 GC heap before
{Heap before GC invocations=4 (full 0):
 garbage-first heap   total 49152K, used 33263K [0x000000070a800000, 0x0000000800000000)
  region size 2048K, 14 young (28672K), 3 survivors (6144K)
 Metaspace       used 26068K, committed 26368K, reserved 1073152K
  class space    used 3504K, committed 3648K, reserved 1048576K
}
Event: 2.531 GC heap after
{Heap after GC invocations=5 (full 0):
 garbage-first heap   total 49152K, used 11626K [0x000000070a800000, 0x0000000800000000)
  region size 2048K, 1 young (2048K), 1 survivors (2048K)
 Metaspace       used 26068K, committed 26368K, reserved 1073152K
  class space    used 3504K, committed 3648K, reserved 1048576K
}
Event: 2.891 GC heap before
{Heap before GC invocations=5 (full 0):
 garbage-first heap   total 49152K, used 30058K [0x000000070a800000, 0x0000000800000000)
  region size 2048K, 10 young (20480K), 1 survivors (2048K)
 Metaspace       used 31364K, committed 31616K, reserved 1081344K
  class space    used 4169K, committed 4288K, reserved 1048576K
}
Event: 2.896 GC heap after
{Heap after GC invocations=6 (full 0):
 garbage-first heap   total 49152K, used 13408K [0x000000070a800000, 0x0000000800000000)
  region size 2048K, 2 young (4096K), 2 survivors (4096K)
 Metaspace       used 31364K, committed 31616K, reserved 1081344K
  class space    used 4169K, committed 4288K, reserved 1048576K
}
Event: 3.212 GC heap before
{Heap before GC invocations=6 (full 0):
 garbage-first heap   total 49152K, used 25696K [0x000000070a800000, 0x0000000800000000)
  region size 2048K, 9 young (18432K), 2 survivors (4096K)
 Metaspace       used 35792K, committed 35968K, reserved 1081344K
  class space    used 4732K, committed 4800K, reserved 1048576K
}
Event: 3.218 GC heap after
{Heap after GC invocations=7 (full 0):
 garbage-first heap   total 151552K, used 15063K [0x000000070a800000, 0x0000000800000000)
  region size 2048K, 2 young (4096K), 2 survivors (4096K)
 Metaspace       used 35792K, committed 35968K, reserved 1081344K
  class space    used 4732K, committed 4800K, reserved 1048576K
}
Event: 3.490 GC heap before
{Heap before GC invocations=8 (full 0):
 garbage-first heap   total 61440K, used 29399K [0x000000070a800000, 0x0000000800000000)
  region size 2048K, 10 young (20480K), 2 survivors (4096K)
 Metaspace       used 38538K, committed 38848K, reserved 1089536K
  class space    used 5151K, committed 5312K, reserved 1048576K
}
Event: 3.496 GC heap after
{Heap after GC invocations=9 (full 0):
 garbage-first heap   total 61440K, used 15807K [0x000000070a800000, 0x0000000800000000)
  region size 2048K, 3 young (6144K), 3 survivors (6144K)
 Metaspace       used 38538K, committed 38848K, reserved 1089536K
  class space    used 5151K, committed 5312K, reserved 1048576K
}

