# JRE version: Java(TM) SE Runtime Environment (17.0.1+12) (build 17.0.1+12-LTS-39)
# Java VM: Java HotSpot(TM) 64-Bit Server VM (17.0.1+12-LTS-39, mixed mode, sharing, tiered, compressed oops, compressed class ptrs, g1 gc, windows-amd64)
GC Precious Log:
 CPUs: 12 total, 12 available
 Memory: 15706M
 Large Page Support: Disabled
 NUMA Support: Disabled
 Compressed Oops: Enabled (Zero based)
 Heap Region Size: 2M
 Heap Min Capacity: 8M
 Heap Initial Capacity: 246M
 Heap Max Capacity: 3928M
 Pre-touch: Disabled
 Parallel Workers: 10
 Concurrent Workers: 3
 Concurrent Refinement Workers: 10
 Periodic GC: Disabled
Heap:
 garbage-first heap   total 61440K, used 50681K [0x000000070a800000, 0x0000000800000000)
  region size 2048K, 11 young (22528K), 2 survivors (4096K)
 Metaspace       used 42477K, committed 42752K, reserved 1089536K
  class space    used 5643K, committed 5760K, reserved 1048576K
GC Heap History (14 events):
Event: 0.718 GC heap before
{Heap before GC invocations=0 (full 0):
 garbage-first heap   total 251904K, used 20480K [0x000000070a800000, 0x0000000800000000)
  region size 2048K, 11 young (22528K), 0 survivors (0K)
 Metaspace       used 5888K, committed 6080K, reserved 1056768K
  class space    used 655K, committed 768K, reserved 1048576K
}
Event: 0.723 GC heap after
{Heap after GC invocations=1 (full 0):
 garbage-first heap   total 251904K, used 5558K [0x000000070a800000, 0x0000000800000000)
  region size 2048K, 2 young (4096K), 2 survivors (4096K)
 Metaspace       used 5888K, committed 6080K, reserved 1056768K
  class space    used 655K, committed 768K, reserved 1048576K
}
Event: 0.735 GC heap before
{Heap before GC invocations=1 (full 0):
 garbage-first heap   total 251904K, used 32182K [0x000000070a800000, 0x0000000800000000)
  region size 2048K, 16 young (32768K), 2 survivors (4096K)
 Metaspace       used 5890K, committed 6080K, reserved 1056768K
  class space    used 655K, committed 768K, reserved 1048576K
}
Event: 0.737 GC heap after
{Heap after GC invocations=2 (full 0):
 garbage-first heap   total 251904K, used 5813K [0x000000070a800000, 0x0000000800000000)
  region size 2048K, 1 young (2048K), 1 survivors (2048K)
 Metaspace       used 5890K, committed 6080K, reserved 1056768K
  class space    used 655K, committed 768K, reserved 1048576K
}
Event: 1.924 GC heap before
{Heap before GC invocations=2 (full 0):
 garbage-first heap   total 251904K, used 61109K [0x000000070a800000, 0x0000000800000000)
  region size 2048K, 29 young (59392K), 1 survivors (2048K)
 Metaspace       used 21290K, committed 21504K, reserved 1073152K
  class space    used 2760K, committed 2880K, reserved 1048576K
}
Event: 1.928 GC heap after
{Heap after GC invocations=3 (full 0):
 garbage-first heap   total 251904K, used 10630K [0x000000070a800000, 0x0000000800000000)
  region size 2048K, 3 young (6144K), 3 survivors (6144K)
 Metaspace       used 21290K, committed 21504K, reserved 1073152K
  class space    used 2760K, committed 2880K, reserved 1048576K
}
Event: 2.335 GC heap before
{Heap before GC invocations=4 (full 0):
 garbage-first heap   total 49152K, used 33158K [0x000000070a800000, 0x0000000800000000)
  region size 2048K, 14 young (28672K), 3 survivors (6144K)
 Metaspace       used 26507K, committed 26816K, reserved 1073152K
  class space    used 3535K, committed 3648K, reserved 1048576K
}
Event: 2.340 GC heap after
{Heap after GC invocations=5 (full 0):
 garbage-first heap   total 49152K, used 11492K [0x000000070a800000, 0x0000000800000000)
  region size 2048K, 1 young (2048K), 1 survivors (2048K)
 Metaspace       used 26507K, committed 26816K, reserved 1073152K
  class space    used 3535K, committed 3648K, reserved 1048576K
}
Event: 2.667 GC heap before
{Heap before GC invocations=5 (full 0):
 garbage-first heap   total 49152K, used 29924K [0x000000070a800000, 0x0000000800000000)
  region size 2048K, 10 young (20480K), 1 survivors (2048K)
 Metaspace       used 32110K, committed 32320K, reserved 1081344K
  class space    used 4262K, committed 4352K, reserved 1048576K
}
Event: 2.672 GC heap after
{Heap after GC invocations=6 (full 0):
 garbage-first heap   total 49152K, used 12923K [0x000000070a800000, 0x0000000800000000)
  region size 2048K, 2 young (4096K), 2 survivors (4096K)
 Metaspace       used 32110K, committed 32320K, reserved 1081344K
  class space    used 4262K, committed 4352K, reserved 1048576K
}
Event: 2.856 GC heap before
{Heap before GC invocations=6 (full 0):
 garbage-first heap   total 49152K, used 23163K [0x000000070a800000, 0x0000000800000000)
  region size 2048K, 8 young (16384K), 2 survivors (4096K)
 Metaspace       used 35721K, committed 35968K, reserved 1081344K
  class space    used 4709K, committed 4864K, reserved 1048576K
}
Event: 2.861 GC heap after
{Heap after GC invocations=7 (full 0):
 garbage-first heap   total 151552K, used 14823K [0x000000070a800000, 0x0000000800000000)
  region size 2048K, 2 young (4096K), 2 survivors (4096K)
 Metaspace       used 35721K, committed 35968K, reserved 1081344K
  class space    used 4709K, committed 4864K, reserved 1048576K
}
Event: 3.395 GC heap before
{Heap before GC invocations=8 (full 0):
 garbage-first heap   total 61440K, used 31207K [0x000000070a800000, 0x0000000800000000)
  region size 2048K, 11 young (22528K), 2 survivors (4096K)
 Metaspace       used 39263K, committed 39616K, reserved 1089536K
  class space    used 5252K, committed 5440K, reserved 1048576K
}
Event: 3.403 GC heap after
{Heap after GC invocations=9 (full 0):
 garbage-first heap   total 61440K, used 15865K [0x000000070a800000, 0x0000000800000000)
  region size 2048K, 2 young (4096K), 2 survivors (4096K)
 Metaspace       used 39263K, committed 39616K, reserved 1089536K
  class space    used 5252K, committed 5440K, reserved 1048576K
}

